  Source.cpp
E:\Dave\VS2019\LeetCode\src\Solution.h(15,23): warning C4018: '<': signed/unsigned mismatch
E:\Dave\VS2019\LeetCode\src\Solution.h(17,31): warning C4018: '<': signed/unsigned mismatch
E:\Dave\VS2019\LeetCode\src\Solution.h(33,23): warning C4018: '<': signed/unsigned mismatch
E:\Dave\VS2019\LeetCode\src\Solution.h(48,23): warning C4018: '<': signed/unsigned mismatch
E:\Dave\VS2019\LeetCode\src\Solution.h(222,23): warning C4018: '<': signed/unsigned mismatch
E:\Dave\VS2019\LeetCode\src\Solution.h(248,24): warning C4018: '>=': signed/unsigned mismatch
E:\Dave\VS2019\LeetCode\src\Solution.h(253,29): warning C4018: '>=': signed/unsigned mismatch
E:\Dave\VS2019\LeetCode\src\Solution.h(278,20): warning C4244: 'initializing': conversion from 'float' to 'short', possible loss of data
E:\Dave\VS2019\LeetCode\src\Solution.h(303,29): warning C4244: 'argument': conversion from 'float' to 'const unsigned int', possible loss of data
E:\Dave\VS2019\LeetCode\src\Solution.h(305,39): warning C4244: 'argument': conversion from 'float' to 'const unsigned int', possible loss of data
E:\Dave\VS2019\LeetCode\src\Solution.h(305,60): warning C4244: 'argument': conversion from 'float' to 'const unsigned int', possible loss of data
E:\Dave\VS2019\LeetCode\src\Solution.h(338,23): warning C4018: '<': signed/unsigned mismatch
E:\Dave\VS2019\LeetCode\src\Solution.h(345,23): warning C4018: '<': signed/unsigned mismatch
E:\Dave\VS2019\LeetCode\src\Solution.h(365,23): warning C4018: '<': signed/unsigned mismatch
E:\Dave\VS2019\LeetCode\src\Solution.h(377,23): warning C4018: '<': signed/unsigned mismatch
E:\Dave\VS2019\LeetCode\src\Solution.h(394,23): warning C4018: '<=': signed/unsigned mismatch
E:\Dave\VS2019\LeetCode\src\Solution.h(399,23): warning C4018: '<=': signed/unsigned mismatch
E:\Dave\VS2019\LeetCode\src\Solution.h(400,27): warning C4018: '<=': signed/unsigned mismatch
E:\Dave\VS2019\LeetCode\src\Solution.h(691,35): warning C4018: '<': signed/unsigned mismatch
E:\Dave\VS2019\LeetCode\src\Solution.h(795,23): warning C4018: '<': signed/unsigned mismatch
E:\Dave\VS2019\LeetCode\src\Solution.h(896,23): warning C4018: '<': signed/unsigned mismatch
  LeetCode.vcxproj -> E:\Dave\VS2019\LeetCode\Debug\LeetCode.exe
